GROUP,PACKAGE,CLASS,INSTRUCTION_MISSED,INSTRUCTION_COVERED,BRANCH_MISSED,BRANCH_COVERED,LINE_MISSED,LINE_COVERED,COMPLEXITY_MISSED,COMPLEXITY_COVERED,METHOD_MISSED,METHOD_COVERED
,br.com.fiap.marketPlaceAGL.services,ProductService,0,53,0,0,0,11,0,7,0,7
,br.com.fiap.marketPlaceAGL.services,ShoppingCartService,0,92,0,0,0,21,0,9,0,9
,br.com.fiap.marketPlaceAGL.services,CustomerService,0,59,0,0,0,13,0,7,0,7
,br.com.fiap.marketPlaceAGL.controllers,ShoppingCartController,0,46,0,0,0,12,0,4,0,4
,br.com.fiap.marketPlaceAGL.controllers,CustomerController,0,63,0,0,0,15,0,6,0,6
,br.com.fiap.marketPlaceAGL.controllers,ProductController,0,68,0,0,0,16,0,6,0,6
,br.com.fiap.marketPlaceAGL.models,ShoppingCart,0,45,0,4,0,13,0,7,0,5
,br.com.fiap.marketPlaceAGL,MarketPlaceAglApplication,5,3,0,0,2,1,1,1,1,1
